<?xml version="1.0" encoding="UTF-8"?>
<!-- Generated by org.testng.reporters.JUnitReportReporter -->
<testsuite hostname="Vikas" name="com.autopracrt.qa.testcases.SummaryPageTest" tests="1" failures="0" timestamp="14 Mar 2018 14:17:27 GMT" time="36.581" errors="0">
  <testcase name="validateSummaryPageTest" time="36.581" classname="com.autopracrt.qa.testcases.SummaryPageTest"/>
</testsuite> <!-- com.autopracrt.qa.testcases.SummaryPageTest -->
