<?xml version="1.0" encoding="UTF-8"?>
<!-- Generated by org.testng.reporters.JUnitReportReporter -->
<testsuite hostname="Vikas" name="com.autopracrt.qa.testcases.DressPageTest" tests="1" failures="0" timestamp="14 Mar 2018 13:20:23 GMT" time="27.093" errors="0">
  <testcase name="clickonitem" time="27.093" classname="com.autopracrt.qa.testcases.DressPageTest"/>
</testsuite> <!-- com.autopracrt.qa.testcases.DressPageTest -->
