<?xml version="1.0" encoding="UTF-8"?>
<!-- Generated by org.testng.reporters.JUnitReportReporter -->
<testsuite hostname="Vikas" name="com.autopracrt.qa.testcases.AddressPageTest" tests="1" failures="0" timestamp="14 Mar 2018 14:52:20 GMT" time="51.578" errors="0">
  <testcase name="validateAddressTest" time="51.578" classname="com.autopracrt.qa.testcases.AddressPageTest"/>
</testsuite> <!-- com.autopracrt.qa.testcases.AddressPageTest -->
