<?xml version="1.0" encoding="UTF-8"?>
<!-- Generated by org.testng.reporters.JUnitReportReporter -->
<testsuite hostname="Vikas" name="com.autopracrt.qa.testcases.PaymentPageTest_E2E" tests="1" failures="0" timestamp="15 Mar 2018 04:08:21 GMT" time="61.070" errors="0">
  <testcase name="validateEndToEndTest" time="61.070" classname="com.autopracrt.qa.testcases.PaymentPageTest_E2E"/>
</testsuite> <!-- com.autopracrt.qa.testcases.PaymentPageTest_E2E -->
