<?xml version="1.0" encoding="UTF-8"?>
<!-- Generated by org.testng.reporters.JUnitReportReporter -->
<testsuite skipped="0" hostname="Vikas" name="com.autopracrt.qa.testcases.AddressPageTest" tests="1" failures="0" timestamp="17 Mar 2018 14:27:27 GMT" time="65.645" errors="0">
  <testcase name="validateAddressTest" time="65.645" classname="com.autopracrt.qa.testcases.AddressPageTest"/>
</testsuite> <!-- com.autopracrt.qa.testcases.AddressPageTest -->
