<?xml version="1.0" encoding="UTF-8"?>
<!-- Generated by org.testng.reporters.JUnitReportReporter -->
<testsuite skipped="0" hostname="Vikas" name="com.autopracrt.qa.testcases.LoginPageTest" tests="1" failures="0" timestamp="17 Mar 2018 14:27:27 GMT" time="21.551" errors="0">
  <testcase name="validateLoginTest" time="21.551" classname="com.autopracrt.qa.testcases.LoginPageTest"/>
</testsuite> <!-- com.autopracrt.qa.testcases.LoginPageTest -->
