<?xml version="1.0" encoding="UTF-8"?>
<!-- Generated by org.testng.reporters.JUnitReportReporter -->
<testsuite skipped="0" hostname="Vikas" name="com.autopracrt.qa.testcases.SummaryPageTest" tests="1" failures="0" timestamp="17 Mar 2018 14:27:27 GMT" time="61.146" errors="0">
  <testcase name="validateSummaryPageTest" time="61.146" classname="com.autopracrt.qa.testcases.SummaryPageTest"/>
</testsuite> <!-- com.autopracrt.qa.testcases.SummaryPageTest -->
